[    0.000000] Linux version 4.15.0-194-generic (buildd@lcy02-amd64-052) (gcc version 7.5.0 (Ubuntu 7.5.0-3ubuntu1~18.04)) #205-Ubuntu SMP Fri Sep 16 19:49:27 UTC 2022 (Ubuntu 4.15.0-194.205-generic 4.15.18)
[    0.000000] Command line: BOOT_IMAGE=/boot/vmlinuz-4.15.0-194-generic root=LABEL=cloudimg-rootfs ro console=tty1 console=ttyS0
[    0.000000] KERNEL supported cpus:
[    0.000000]   Intel GenuineIntel
[    0.000000]   AMD AuthenticAMD
[    0.000000]   Centaur CentaurHauls
[    0.000000] x86/fpu: Supporting XSAVE feature 0x001: 'x87 floating point registers'
[    0.000000] x86/fpu: Supporting XSAVE feature 0x002: 'SSE registers'
[    0.000000]ext size is 832 bytes, using 'standard' format.
[    0.000000] e820: BIOS-provided physical RAM map:
[    0.000000] BIOS-e820: [mem 0x0000000000000000-0x000000000009fbff] usable
[    0.000000] BIOS-e820: [mem 0x000000000009fc00-0x000000000009ffff] reserved
[    0.000000] BIOS-e820: [mem 0x00000000000f0000-0x00000000000fffff] reserved
[    0.000000] BIOS-e820: [mem 0x0000000000100000-0x000000002ffeffff] usable
[    0.000000] BIOS-e820: [mem 0x000000002fff0000-0x000000002fffffff] ACPI data
[    0.000000] BIOS-e820: [mem 0x00000000fec00000-0x00000000fec00fff] reserved
[    0.000000] BIOS-e820: [mem 0x00000000fee00000-0x00000000fee00fff] reserved
[    0.000000] BIOS-e820: [mem 0x00000000fffc0000-0x00000000ffffffff] reserved
[    0.000000] NX (Execute Disable) protection: active
[    0.000000] SMBIOS 2.5 present.
[    0.000000] DMI: innotek GmbH VirtualBox/VirtualBox, BIOS VirtualBox 12/01/2006
[    0.000000] Hypervisor detected: KVM
[    0.000000] e820: last_pfn = 0x2fff0 max_arch_pfn = 0x400000000
[    0.000000] MTRR: Disabled
[    0.000000] x86/PAT: MTRRs disabled, skipping PAT initialization too.
[    0.000000] CPU MTRRs all blank - virtualized system.
[    0.000000] x86/PAT: Configuration [0-7]: WB  WT  UC- UC  WB  WT  UC- UC  
[    0.000000] found SMP MP-table at [mem 0x0009fff0-0x0009ffff]
[    0.000000] Scanning 1 areas for low memory corruption
[    0.000000] RAMDISK: [mem 0x2dae1000-0x2edf2fff]
[    0.000000] ACPI: Early table checksum verification disabled
[    0.000000] ACPI: RSDP 0x00000000000E0000 000024 (v02 VBOX  )
[    0.000000] ACPI: XSDT 0x000000002FFF0030 00003C (v01 VBOX   VBOXXSDT 00000001 ASL  00000061)
[    0.000000] ACPI: FACP 0x000000002FFF00F0 0000F4 (v04 VBOX   VBOXFACP 00000001 ASL  00000061)
[    0.000000] ACPI: DSDT 0x000000002FFF0470 002325 (v02 VBOX   VBOXBIOS 00000002 INTL 20100528)
[    0.000000] ACPI: FACS 0x000000002FFF0200 000040
[    0.000000] ACPI: FACS 0x000000002FFF0200 000040
[    0.000000] ACPI: APIC 0x000000002FFF0240 00005C (v02 VBOX   VBOXAPIC 00000001 ASL  00000061)
[    0.000000] ACPI: SSDT 0x000000002FFF02A0 0001CC (v01 VBOX   VBOXCPUT 00000002 INTL 20100528)
[    0.000000] ACPI: Reserving FACP table memory at [mem 0x2fff00f0-0x2fff01e3]
[    0.000000] ACPI: Reserving DSDT table memory at [mem 0x2fff0470-0x2fff2794]
[    0.000000] ACPI: Reserving FACS table memory at [mem 0x2fff0200-0x2fff023f]
[    0.000000] ACPI: Reserving FACS table memory at [mem 0x2fff0200-0x2fff023f]
[    0.000000] ACPI: Reserving APIC table memory at [mem 0x2fff0240-0x2fff029b]
[    0.000000] ACPI: Reserving SSDT table memory at [mem 0x2fff02a0-0x2fff046b]
[    0.000000] No NUMA configuration found
[    0.000000] Faking a node at [mem 0x0000000000000000-0x000000002ffeffff]
[    0.000000] NODE_DATA(0) allocated [mem 0x2ffc5000-0x2ffeffff]
[    0.000000] kvm-clock: cpu 0, msr 0:2ff44001, primary cpu clock
[    0.000000] kvm-clock: Using msrs 4b564d01 and 4b564d00
[    0.000000] kvm-clock: using sched offset of 3517887635 cycles
[    0.000000] clocksource: kvm-clock: mask: 0xffffffffffffffff max_cycles: 0x1cd42e4dffb, max_idle_ns: 881590591483 ns
[    0.000000] Zone ranges:
[    0.000000]   DMA      [mem 0x0000000000001000-0x0000000000ffffff]
[    0.000000]   DMA32    [mem 0x0000000001000000-0x000000002ffeffff]
[    0.000000]   Normal   empty
[    0.000000]   Device   empty
[    0.000000] Movable zone start for each node
[    0.000000] Early memory node ranges
[    0.000000]   node   0: [mem 0x0000000000001000-0x000000000009efff]
[    0.000000]   node   0: [mem 0x0000000000100000-0x000000002ffeffff]
[    0.000000] Reserved but unavailable: 104 pages
[    0.000000] Initmem setup node 0 [mem 0x0000000000001000-0x000000002ffeffff]
[    0.000000] ACPI: PM-Timer IO Port: 0x4008
[    0.000000] IOAPIC[0]: apic_id 2, version 32, address 0xfec00000, GSI 0-23
[    0.000000] ACPI: INT_SRC_OVR (bus 0 bus_irq 0 global_irq 2 dfl dfl)
[    0.000000] ACPI: INT_SRC_OVR (bus 0 bus_irq 9 global_irq 9 low level)
[    0.000000] Using ACPI (MADT) for SMP configuration information
[    0.000000] smpboot: Allowing 2 CPUs, 0 hotplug CPUs
[    0.000000] PM: Registered nosave memory: [mem 0x00000000-0x00000fff]
[    0.000000] PM: Registered nosave memory: [mem 0x0009f000-0x0009ffff]
[    0.000000] PM: Registered nosave memory: [mem 0x000a0000-0x000effff]
[    0.000000] PM: Registered nosave memory: [mem 0x000f0000-0x000fffff]
[    0.000000] e820: [mem 0x30000000-0xfebfffff] available for PCI devices
[    0.000000] Booting paravirtualized kernel on KVM
[    0.000000] clocksource: refined-jiffies: mask: 0xffffffff max_cycles: 0xffffffff, max_idle_ns: 7645519600211568 ns
[    0.000000] setup_percpu: NR_CPUS:8192 nr_cpumask_bits:2 nr_cpu_ids:2 nr_node_ids:1
[    0.000000] percpu: Embedded 50 pages/cpu s167936 r8192 d28672 u1048576
[    0.000000] PV qspinlock hash table entries: 256 (order: 0, 4096 bytes)
[    0.000000] Built 1 zonelists, mobility grouping on.  Total pages: 193401
[    0.000000] Policy zone: DMA32
[    0.000000] Kernel command line: BOOT_IMAGE=/boot/vmlinuz-4.15.0-194-generic root=LABEL=cloudimg-rootfs ro console=tty1 console=ttyS0
[    0.000000] Memory: 724604K/785976K available (12300K kernel code, 2477K rwdata, 4320K rodata, 2472K init, 2720K bss, 61372K reserved, 0K cma-reserved)
[    0.000000] SLUB: HWalign=64, Order=0-3, MinObjects=0, CPUs=2, Nodes=1
[    0.000000] Kernel/User page tables isolation: enabled
[    0.000000] ftrace: allocating 39477 entries in 155 pages
[    0.004000] Hierarchical RCU implementation.
[    0.004000] 	RCU restricting CPUs from NR_CPUS=8192 to nr_cpu_ids=2.
[    0.004000] 	Tasks RCU enabled.
[    0.004000] RCU: Adjusting geometry for rcu_fanout_leaf=16, nr_cpu_ids=2
[    0.004000] NR_IRQS: 524544, nr_irqs: 440, preallocated irqs: 16
[    0.004000] random: crng init done
[    0.004000] Console: colour VGA+ 80x25
[    0.004000] console [tty1] enabled
[    0.004000] console [ttyS0] enabled
[    0.004000] ACPI: Core revision 20170831
[    0.004000] ACPI: 2 ACPI AML tables successfully acquired and loaded
[    0.004000] APIC: Switch to symmetric I/O mode setup
[    0.004000] x2apic enabled
[    0.004000] Switched APIC routing to physical x2apic.
[    0.004000] ..TIMER: vector=0x30 apic1=0 pin1=2 apic2=-1 pin2=-1
[    0.004005] tsc: Detected 2207.996 MHz processor
[    0.004830] Calibrating delay loop (skipped) preset value.. 4415.99 BogoMIPS (lpj=8831984)
[    0.008003] pid_max: default: 32768 minimum: 301
[    0.008883] Security Framework initialized
[    0.009791] Yama: becoming mindful.
[    0.010777] AppArmor: AppArmor initialized
[    0.012136] Dentry cache hash table entries: 131072 (order: 8, 1048576 bytes)
[    0.013571] Inode-cache hash table entries: 65536 (order: 7, 524288 bytes)
[    0.016014] Mount-cache hash table entries: 2048 (order: 2, 16384 bytes)
[    0.017733] Mountpoint-cache hash table entries: 2048 (order: 2, 16384 bytes)
[    0.019847] Last level iTLB entries: 4KB 64, 2MB 8, 4MB 8
[    0.020004] Last level dTLB entries: 4KB 64, 2MB 0, 4MB 0, 1GB 4
[    0.021072] Spectre V1 : Mitigation: usercopy/swapgs barriers and __user pointer sanitization
[    0.024002] Spectre V2 : Mitigation: Retpolines
[    0.025772] Spectre V2 : Spectre v2 / SpectreRSB mitigation: Filling RSB on context switch
[    0.028004] Speculative Store Bypass: Vulnerable
[    0.028939] MDS: Mitigation: Clear CPU buffers
[    0.029839] MMIO Stale Data: Mitigation: Clear CPU buffers
[    0.031050] SRBDS: Unknown: Dependent on hypervisor status
[    0.032221] Freeing SMP alternatives memory: 36K
[    0.143939] smpboot: CPU0: Intel(R) Core(TM) i7-8750H CPU @ 2.20GHz (family: 0x6, model: 0x9e, stepping: 0xa)
[    0.144000] Performance Events: unsupported p6 CPU model 158 no PMU driver, software events only.
[    0.144000] Hierarchical SRCU implementation.
[    0.144492] NMI watchdog: Perf event create on CPU 0 failed with -2
[    0.145810] NMI watchdog: Perf NMI watchdog permanently disabled
[    0.147374] smp: Bringing up secondary CPUs ...
[    0.148066] x86: Booting SMP configuration:
[    0.148859] .... node  #0, CPUs:      #1
[    0.004000] kvm-clock: cpu 1, msr 0:2ff44041, secondary cpu clock
[    0.152017] smp: Brought up 1 node, 2 CPUs
[    0.153194] smpboot: Max logical packages: 1
[    0.156012] smpboot: Total of 2 processors activated (8831.98 BogoMIPS)
[    0.157641] devtmpfs: initialized
[    0.157641] x86/mm: Memory block size: 128MB
[    0.160118] evm: security.selinux
[    0.161109] evm: security.SMACK64
[    0.161907] evm: security.SMACK64EXEC
[    0.162958] evm: security.SMACK64TRANSMUTE
[    0.164009] evm: security.SMACK64MMAP
[    0.164760] evm: security.apparmor
[    0.165405] evm: security.ima
[    0.166001] evm: security.capability
[    0.166718] clocksource: jiffies: mask: 0xffffffff max_cycles: 0xffffffff, max_idle_ns: 7645041785100000 ns
[    0.168009] futex hash table entries: 512 (order: 3, 32768 bytes)
[    0.169818] pinctrl core: initialized pinctrl subsystem
[    0.172306] RTC time:  0:22:30, date: 11/05/22
[    0.173397] NET: Registered protocol family 16
[    0.174548] audit: initializing netlink subsys (disabled)
[    0.176006] audit: type=2000 audit(1667607751.296:1): state=initialized audit_enabled=0 res=1
[    0.178094] cpuidle: using governor ladder
[    0.178094] cpuidle: using governor menu
[    0.180044] ACPI: bus type PCI registered
[    0.180841] acpiphp: ACPI Hot Plug PCI Controller Driver version: 0.5
[    0.182604] PCI: Using configuration type 1 for base access
[    0.185258] HugeTLB registered 2.00 MiB page size, pre-allocated 0 pages
[    0.185258] ACPI: Added _OSI(Module Device)
[    0.188007] ACPI: Added _OSI(Processor Device)
[    0.188929] ACPI: Added _OSI(3.0 _SCP Extensions)
[    0.190114] ACPI: Added _OSI(Processor Aggregator Device)
[    0.191650] ACPI: Added _OSI(Linux-Dell-Video)
[    0.192006] ACPI: Added _OSI(Linux-Lenovo-NV-HDMI-Audio)
[    0.192946] ACPI: Added _OSI(Linux-HPI-Hybrid-Graphics)
[    0.194158] ACPI: Executed 1 blocks of module-level executable AML code
[    0.200043] ACPI: Interpreter enabled
[    0.200875] ACPI: (supports S0 S5)
[    0.201653] ACPI: Using IOAPIC for interrupt routing
[    0.203014] PCI: Using host bridge windows from ACPI; if necessary, use "pci=nocrs" and report a bug
[    0.204270] ACPI: Enabled 2 GPEs in block 00 to 07
[    0.212716] ACPI: PCI Root Bridge [PCI0] (domain 0000 [bus 00-ff])
[    0.214317] acpi PNP0A03:00: _OSC: OS supports [ASPM ClockPM Segments MSI]
[    0.216123] acpi PNP0A03:00: _OSC: not requesting OS control; OS requires [ExtendedConfig ASPM ClockPM MSI]
[    0.218103] acpi PNP0A03:00: fail to add MMCONFIG information, can't access extended PCI configuration space under this bridge.
[    0.220433] PCI host bridge to bus 0000:00
[    0.221423] pci_bus 0000:00: root bus resource [io  0x0000-0x0cf7 window]
[    0.224003] pci_bus 0000:00: root bus resource [io  0x0d00-0xffff window]
[    0.225801] pci_bus 0000:00: root bus resource [mem 0x000a0000-0x000bffff window]
[    0.228006] pci_bus 0000:00: root bus resource [mem 0x30000000-0xfdffffff window]
[    0.229414] pci_bus 0000:00: root bus resource [bus 00-ff]
[    0.233745] pci 0000:00:01.1: legacy IDE quirk: reg 0x10: [io  0x01f0-0x01f7]
[    0.235041] pci 0000:00:01.1: legacy IDE quirk: reg 0x14: [io  0x03f6]
[    0.236000] pci 0000:00:01.1: legacy IDE quirk: reg 0x18: [io  0x0170-0x0177]
[    0.236003] pci 0000:00:01.1: legacy IDE quirk: reg 0x1c: [io  0x0376]
[    0.249182] pci 0000:00:07.0: quirk: [io  0x4000-0x403f] claimed by PIIX4 ACPI
[    0.250769] pci 0000:00:07.0: quirk: [io  0x4100-0x410f] claimed by PIIX4 SMB
[    0.263579] ACPI: PCI Interrupt Link [LNKA] (IRQs 5 9 10 *11)
[    0.264335] ACPI: PCI Interrupt Link [LNKB] (IRQs 5 9 *10 11)
[    0.265807] ACPI: PCI Interrupt Link [LNKC] (IRQs 5 *9 10 11)
[    0.267218] ACPI: PCI Interrupt Link [LNKD] (IRQs 5 9 10 *11)
[    0.268271] SCSI subsystem initialized
[    0.269053] pci 0000:00:02.0: vgaarb: setting as boot VGA device
[    0.269526] pci 0000:00:02.0: vgaarb: VGA device added: decodes=io+mem,owns=io+mem,locks=none
[    0.272009] pci 0000:00:02.0: vgaarb: bridge control possible
[    0.273161] vgaarb: loaded
[    0.273850] ACPI: bus type USB registered
[    0.274933] usbcore: registered new interface driver usbfs
[    0.276020] usbcore: registered new interface driver hub
[    0.277008] usbcore: registered new device driver usb
[    0.277951] EDAC MC: Ver: 3.0.0
[    0.280224] PCI: Using ACPI for IRQ routing
[    0.281648] NetLabel: Initializing
[    0.282594] NetLabel:  domain hash size = 128
[    0.283475] NetLabel:  protocols = UNLABELED CIPSOv4 CALIPSO
[    0.284019] NetLabel:  unlabeled traffic allowed by default
[    0.285256] clocksource: Switched to clocksource kvm-clock
[    0.294075] VFS: Disk quotas dquot_6.6.0
[    0.294864] VFS: Dquot-cache hash table entries: 512 (order 0, 4096 bytes)
[    0.296121] AppArmor: AppArmor Filesystem Enabled
[    0.297077] pnp: PnP ACPI init
[    0.298643] pnp: PnP ACPI: found 3 devices
[    0.309866] clocksource: acpi_pm: mask: 0xffffff max_cycles: 0xffffff, max_idle_ns: 2085701024 ns
[    0.311919] NET: Registered protocol family 2
[    0.312747] IP idents hash table entries: 16384 (order: 5, 131072 bytes)
[    0.314673] TCP established hash table entries: 8192 (order: 4, 65536 bytes)
[    0.315901] TCP bind hash table entries: 8192 (order: 5, 131072 bytes)
[    0.317330] TCP: Hash tables configured (established 8192 bind 8192)
[    0.318424] UDP hash table entries: 512 (order: 2, 16384 bytes)
[    0.319473] UDP-Lite hash table entries: 512 (order: 2, 16384 bytes)
[    0.320896] NET: Registered protocol family 1
[    0.321714] pci 0000:00:00.0: Limiting direct PCI/PCI transfers
[    0.322746] pci 0000:00:01.0: Activating ISA DMA hang workarounds
[    0.323879] pci 0000:00:02.0: Video device with shadowed ROM at [mem 0x000c0000-0x000dffff]
[    0.325516] Unpacking initramfs...
[    0.543847] Freeing initrd memory: 19528K
[    0.544815] clocksource: tsc: mask: 0xffffffffffffffff max_cycles: 0x1fd3b426a0c, max_idle_ns: 440795203300 ns
[    0.546792] platform rtc_cmos: registered platform RTC device (no PNP device found)
[    0.548352] Scanning for low memory corruption every 60 seconds
[    0.550780] Initialise system trusted keyrings
[    0.551694] Key type blacklist registered
[    0.552725] workingset: timestamp_bits=36 max_order=18 bucket_order=0
[    0.554980] zbud: loaded
[    0.555984] squashfs: version 4.0 (2009/01/31) Phillip Lougher
[    0.557927] fuse init (API version 7.26)
[    0.561139] Key type asymmetric registered
[    0.561923] Asymmetric key parser 'x509' registered
[    0.562804] Block layer SCSI generic (bsg) driver version 0.4 loaded (major 246)
[    0.564442] io scheduler noop registered
[    0.565164] io scheduler deadline registered
[    0.565954] io scheduler cfq registered (default)
[    0.567036] ACPI: AC Adapter [AC] (on-line)
[    0.567831] input: Power Button as /devices/LNXSYSTM:00/LNXPWRBN:00/input/input0
[    0.569207] ACPI: Power Button [PWRF]
[    0.569944] input: Sleep Button as /devices/LNXSYSTM:00/LNXSLPBN:00/input/input1
[    0.571485] ACPI: Sleep Button [SLPF]
[    0.573074] ACPI: Battery Slot [BAT0] (battery present)
[    0.574148] Serial: 8250/16550 driver, 32 ports, IRQ sharing enabled
[    0.595975] 00:02: ttyS0 at I/O 0x3f8 (irq = 4, base_baud = 115200) is a 16550A
[    0.600511] Linux agpgart interface v0.103
[    0.602581] loop: module loaded
[    0.603678] scsi host0: ata_piix
[    0.604471] scsi host1: ata_piix
[    0.605327] ata1: PATA max UDMA/33 cmd 0x1f0 ctl 0x3f6 bmdma 0xd000 irq 14
[    0.606624] ata2: PATA max UDMA/33 cmd 0x170 ctl 0x376 bmdma 0xd008 irq 15
[    0.608132] tun: Universal TUN/TAP device driver, 1.6
[    0.609233] PPP generic driver version 2.4.2
[    0.610255] ehci_hcd: USB 2.0 'Enhanced' Host Controller (EHCI) Driver
[    0.611386] ehci-pci: EHCI PCI platform driver
[    0.612382] ehci-platform: EHCI generic platform driver
[    0.613331] ohci_hcd: USB 1.1 'Open' Host Controller (OHCI) Driver
[    0.614383] ohci-pci: OHCI PCI platform driver
[    0.615350] ohci-platform: OHCI generic platform driver
[    0.616400] uhci_hcd: USB Universal Host Controller Interface driver
[    0.617527] i8042: PNP: PS/2 Controller [PNP0303:PS2K,PNP0f03:PS2M] at 0x60,0x64 irq 1,12
[    0.619536] serio: i8042 KBD port at 0x60,0x64 irq 1
[    0.620683] serio: i8042 AUX port at 0x60,0x64 irq 12
[    0.622180] mousedev: PS/2 mouse device common for all mice
[    0.624372] rtc_cmos rtc_cmos: rtc core: registered rtc_cmos as rtc0
[    0.625643] rtc_cmos rtc_cmos: alarms up to one day, 114 bytes nvram
[    0.625690] input: AT Translated Set 2 keyboard as /devices/platform/i8042/serio0/input/input2
[    0.627095] i2c /dev entries driver
[    0.629962] device-mapper: uevent: version 1.0.3
[    0.631083] device-mapper: ioctl: 4.37.0-ioctl (2017-09-20) initialised: dm-devel@redhat.com
[    0.634092] ledtrig-cpu: registered to indicate activity on CPUs
[    0.636177] NET: Registered protocol family 10
[    0.642823] Segment Routing with IPv6
[    0.643973] NET: Registered protocol family 17
[    0.645445] Key type dns_resolver registered
[    0.646890] mce: Using 0 MCE banks
[    0.648043] RAS: Correctable Errors collector initialized.
[    0.649341] sched_clock: Marking stable (649295069, 0)->(5425973845, -4776678776)
[    0.651403] registered taskstats version 1
[    0.652371] Loading compiled-in X.509 certificates
[    0.656285] Loaded X.509 cert 'Build time autogenerated kernel key: 6303a3b02fa1c7713b8a75ba7ba622fabd5dd271'
[    0.659289] Loaded X.509 cert 'Canonical Ltd. Live Patch Signing: 14df34d1a87cf37625abec039ef2bf521249b969'
[    0.662087] Loaded X.509 cert 'Canonical Ltd. Kernel Module Signing: 88f752e560a1e0737e31163a466ad7b70a850c19'
[    0.664062] blacklist: Loading compiled-in revocation X.509 certificates
[    0.665365] Loaded X.509 cert 'Canonical Ltd. Secure Boot Signing: 61482aa2830d0ab2ad5af10b7250da9033ddcef0'
[    0.667343] zswap: loaded using pool lzo/zbud
[    0.671168] Key type big_key registered
[    0.672038] Key type trusted registered
[    0.673999] Key type encrypted registered
[    0.674852] AppArmor: AppArmor sha1 policy hashing enabled
[    0.675948] ima: No TPM chip found, activating TPM-bypass! (rc=-19)
[    0.677168] ima: Allocated hash algorithm: sha1
[    0.678112] evm: HMAC attrs: 0x1
[    0.679043]   Magic number: 14:225:354
[    0.679855] input event0: hash matches
[    0.680790] rtc_cmos rtc_cmos: setting system clock to 2022-11-05 00:22:30 UTC (1667607750)
[    0.682616] BIOS EDD facility v0.16 2004-Jun-25, 0 devices found
[    0.683862] EDD information not available.
[    0.811042] Freeing unused kernel image memory: 2472K
[    1.136061] Write protecting the kernel read-only data: 20480k
[    1.137812] Freeing unused kernel image memory: 2008K
[    1.139036] Freeing unused kernel image memory: 1824K
[    1.148706] x86/mm: Checked W+X mappings: passed, no W+X pages found.
[    1.150050] x86/mm: Checking user space page tables
[    1.159314] x86/mm: Checked W+X mappings: passed, no W+X pages found.
Loading, please wait...
starting version 237
[    1.222414] e1000: Intel(R) PRO/1000 Network Driver - version 7.3.21-k8-NAPI
[    1.223878] e1000: Copyright (c) 1999-2006 Intel Corporation.
[    1.226022] Fusion MPT base driver 3.04.20
[    1.226951] Copyright (c) 1999-2008 LSI Corporation
[    1.231103] Fusion MPT SPI Host driver 3.04.20
[    1.250238] AVX2 version of gcm_enc/dec engaged.
[    1.251430] AES CTR mode by8 optimization enabled
[    1.447089] input: ImExPS/2 Generic Explorer Mouse as /devices/platform/i8042/serio1/input/input4
[    1.622295] e1000 0000:00:03.0 eth0: (PCI:33MHz:32-bit) 02:d4:40:b8:a4:a0
[    1.623850] e1000 0000:00:03.0 eth0: Intel(R) PRO/1000 Network Connection
[    1.626363] mptbase: ioc0: Initiating bringup
[    3.272484] ioc0: LSI53C1030 A0: Capabilities={Initiator}
[    6.711764] scsi host2: ioc0: LSI53C1030 A0, FwRev=00000000h, Ports=1, MaxQ=256, IRQ=20
[    8.577293] scsi 2:0:0:0: Direct-Access     VBOX     HARDDISK         1.0  PQ: 0 ANSI: 5
[    8.608657] scsi target2:0:0: Beginning Domain Validation
[    8.612598] scsi target2:0:0: Domain Validation skipping write tests
[    8.613872] scsi target2:0:0: Ending Domain Validation
[    8.615051] scsi target2:0:0: asynchronous
[    8.616651] scsi 2:0:1:0: Direct-Access     VBOX     HARDDISK         1.0  PQ: 0 ANSI: 5
[    8.776059] scsi target2:0:1: Beginning Domain Validation
[    8.779107] scsi target2:0:1: Domain Validation skipping write tests
[    8.780677] scsi target2:0:1: Ending Domain Validation
[    8.781889] scsi target2:0:1: asynchronous
[    8.787409] sd 2:0:0:0: Attached scsi generic sg0 type 0
[    8.788987] sd 2:0:1:0: Attached scsi generic sg1 type 0
[    8.790224] sd 2:0:1:0: [sdb] 20480 512-byte logical blocks: (10.5 MB/10.0 MiB)
[    8.792989] sd 2:0:1:0: [sdb] Write Protect is off
[    8.794201] sd 2:0:1:0: [sdb] Incomplete mode parameter data
[    8.795467] sd 2:0:1:0: [sdb] Assuming drive cache: write through
[    8.796735] sd 2:0:0:0: [sda] 83886080 512-byte logical blocks: (42.9 GB/40.0 GiB)
[    8.798791] sd 2:0:0:0: [sda] Write Protect is off
[    8.804370] sd 2:0:0:0: [sda] Incomplete mode parameter data
[    8.804371] sd 2:0:1:0: [sdb] Attached SCSI disk
[    8.805582] sd 2:0:0:0: [sda] Assuming drive cache: write through
[    8.813703]  sda: sda1
[    8.815465] sd 2:0:0:0: [sda] Attached SCSI disk
[    8.977214] e1000 0000:00:08.0 eth1: (PCI:33MHz:32-bit) 08:00:27:87:01:94
[    8.978563] e1000 0000:00:08.0 eth1: Intel(R) PRO/1000 Network Connection
[   10.727485] e1000 0000:00:09.0 eth2: (PCI:33MHz:32-bit) 08:00:27:f6:5d:93
[   10.729182] e1000 0000:00:09.0 eth2: Intel(R) PRO/1000 Network Connection
[   10.731466] e1000 0000:00:09.0 enp0s9: renamed from eth2
[   10.748326] e1000 0000:00:08.0 enp0s8: renamed from eth1
[   10.760295] e1000 0000:00:03.0 enp0s3: renamed from eth0
Begin: Loading essential drivers ... [   12.408073] raid6: sse2x1   gen() 12414 MB/s
[   12.456065] raid6: sse2x1   xor()  8672 MB/s
[   12.504049] raid6: sse2x2   gen() 15044 MB/s
[   12.552033] raid6: sse2x2   xor()  9984 MB/s
[   12.600306] raid6: sse2x4   gen() 17364 MB/s
[   12.648097] raid6: sse2x4   xor() 10461 MB/s
[   12.696075] raid6: avx2x1   gen() 24563 MB/s
[   12.744071] raid6: avx2x1   xor() 16729 MB/s
[   12.792026] raid6: avx2x2   gen() 27140 MB/s
[   12.840047] raid6: avx2x2   xor() 18129 MB/s
[   12.888016] raid6: avx2x4   gen() 34422 MB/s
[   12.936027] raid6: avx2x4   xor() 20669 MB/s
[   12.936936] raid6: using algorithm avx2x4 gen() 34422 MB/s
[   12.938073] raid6: .... xor() 20669 MB/s, rmw enabled
[   12.939429] raid6: using avx2x2 recovery algorithm
[   12.941529] xor: automatically using best checksumming function   avx       
[   12.944090] async_tx: api initialized (async)
done.
Begin: Running /scripts/init-premount ... done.
Begin: Mounting root file system ... Begin: Running /scripts/local-top ... done.
Begin: Running /scripts/local-premount ... [   12.991005] Btrfs loaded, crc32c=crc32c-intel
Scanning for Btrfs filesystems
done.
Warning: fsck not present, so skipping root file system
[   13.017962] EXT4-fs (sda1): mounted filesystem with ordered data mode. Opts: (null)
done.
Begin: Running /scripts/local-bottom ... done.
Begin: Running /scripts/init-bottom ... done.
[   13.179757] ip_tables: (C) 2000-2006 Netfilter Core Team
[   13.189539] systemd[1]: systemd 237 running in system mode. (+PAM +AUDIT +SELINUX +IMA +APPARMOR +SMACK +SYSVINIT +UTMP +LIBCRYPTSETUP +GCRYPT +GNUTLS +ACL +XZ +LZ4 +SECCOMP +BLKID +ELFUTILS +KMOD -IDN2 +IDN -PCRE2 default-hierarchy=hybrid)
[   13.193921] systemd[1]: Detected virtualization oracle.
[   13.195186] systemd[1]: Detected architecture x86-64.

Welcome to [1mUbuntu 18.04.6 LTS[0m!

[   13.201195] systemd[1]: Set hostname to <ubuntu>.
[   13.204391] systemd[1]: Initializing machine ID from random generator.
[   13.205988] systemd[1]: Installed transient /etc/machine-id file.
[   13.468080] systemd[1]: Reached target System Time Synchronized.
[[0;32m  OK  [0m] Reached target System Time Synchronized.
[   13.471810] systemd[1]: Created slice System Slice.
[[0;32m  OK  [0m] Created slice System Slice.
[   13.474084] systemd[1]: Created slice User and Session Slice.
[[0;32m  OK  [0m] Created slice User and Session Slice.
[   13.476104] systemd[1]: Reached target Slices.
[[0;32m  OK  [0m] Reached target Slices.
[[0;32m  OK  [0m] Listening on LVM2 poll daemon socket.
[[0;32m  OK  [0m] Started Forward Password Requests to Wall Directory Watch.
[[0;32m  OK  [0m] Listening on Journal Socket.
         Starting Set the console keyboard layout...
[[0;32m  OK  [0m] Listening on LVM2 metadata daemon socket.
         Mounting POSIX Message Queue File System...
[[0;32m  OK  [0m] Listening on udev Control Socket.
[[0;32m  OK  [0m] Listening on fsck to fsckd communication Socket.
[[0;32m  OK  [0m] Reached target User and Group Name Lookups.
         Starting File System Check on Root Device...
[[0;32m  OK  [0m] Listening on Journal Audit Socket.
[[0;32m  OK  [0m] Listening on Device-mapper event daemon FIFOs.
         Starting Monitoring of LVM2 mirrors…ng dmeventd or progress polling...
         Starting Uncomplicated firewall...
[[0;32m  OK  [0m] Set up automount Arbitrary Executab…rmats File System Automount Point.
         Mounting Huge Pages File System...
[[0;32m  OK  [0m] Reached target Swap.
         Mounting Kernel Debug File System...
         Starting Load Kernel Modules...
[[0;32m  OK  [0m] Listening on udev Kernel Socket.
         Starting udev Coldplug all Devices...
[[0;32m  OK  [0m] Listening on Network Service Netlink Socket.
[[0;32m  OK  [0m] Listening on Journal Socket (/dev/log).
         Starting Create list of required st…ce nodes for the current kernel...
[[0;32m  OK  [0m] Created slice system-serial\x2dgetty.slice.
[[0;32m  OK  [0m] Listening on /dev/initctl Compatibility Named Pipe.
[[0;32m  OK  [0m] Listening on Syslog Socket.
         Starting Journal Service...
[[0;32m  OK  [0m] Mounted POSIX Message Queue File System.
[[0;32m  OK  [0m] Started Uncomplicated firewall.
[[0;32m  OK  [0m] Mounted Huge Pages File System.
[[0;32m  OK  [0m] Mounted Kernel Debug File System.
[[0;32m  OK  [0m] Started File System Check Daemon to report status.
[[0;32m  OK  [0m] Started LVM2 metadata daemon.
[[0;32m  OK  [0m] Started File System Check on Root Device.
         Starting Remount Root and Kernel File Systems...
[   13.590897] Loading iSCSI transport class v2.0-870.
[   13.596379] iscsi: registered transport (tcp)
[[0;32m  OK  [0m] Started Create list of required sta…vice nodes for the current kernel.
         Starting Create Static Device Nodes in /dev...
[[0;32m  OK  [0m] Started Journal Service.
[[0;32m  OK  [0m] Started udev Coldplug all Devices.
[   13.669804] iscsi: registered transport (iser)
[[0;32m  OK  [0m] Started Load Kernel Modules.
         Mounting FUSE Control File System...
         Mounting Kernel Configuration File System...
         Starting Apply Kernel Variables...
[[0;32m  OK  [0m] Mounted Kernel Configuration File System.
[[0;32m  OK  [0m] Mounted FUSE Control File System.
[[0;32m  OK  [0m] Started Create Static Device Nodes in /dev.
[[0;32m  OK  [0m] Started Set the console keyboard layout.
[   13.708273] EXT4-fs (sda1): re-mounted. Opts: (null)
[[0;32m  OK  [0m] Started Remount Root and Kernel File Systems.
[[0;32m  OK  [0m] Started Monitoring of LVM2 mirrors,…sing dmeventd or progress polling.
[[0;32m  OK  [0m] Started Apply Kernel Variables.
[[0;32m  OK  [0m] Reached target Local File Systems (Pre).
         Starting Flush Journal to Persistent Storage...
[[0;32m  OK  [0m] Reached target Local File Systems.
         Starting ebtables ruleset management...
         Starting AppArmor initialization...
         Starting Set console font and keymap...
         Starting Tell Plymouth To Write Out Runtime Data...
         Starting Commit a transient machine-id on disk...
         Starting udev Kernel Device Manager...
         Starting Load/Save Random Seed...
[[0;32m  OK  [0m] Started Tell Plymouth To Write Out Runtime Data.
[[0;32m  OK  [0m] Started Set console font and keymap.
[[0;32m  OK  [0m] Started Load/Save Random Seed.
[[0;32m  OK  [0m] Started udev Kernel Device Manager.
[[0;32m  OK  [0m] Started Dispatch Password Requests to Console Directory Watch.
[[0;32m  OK  [0m] Reached target Local Encrypted Volumes.
[[0;32m  OK  [0m] Started Flush Journal to Persistent Storage.
[[0;32m  OK  [0m] Started Commit a transient machine-id on disk.
         Starting Create Volatile Files and Directories...
[[0;32m  OK  [0m] Started ebtables ruleset management.
[[0;32m  OK  [0m] Started Create Volatile Files and Directories.
         Starting Update UTMP about System Boot/Shutdown...
[[0;32m  OK  [0m] Started Update UTMP about System Boot/Shutdown.
[[0;32m  OK  [0m] Found device /dev/ttyS0.
[[0;32m  OK  [0m] Listening on Load/Save RF Kill Switch Status /dev/rfkill Watch.
         Mounting Arbitrary Executable File Formats File System...
[[0;32m  OK  [0m] Mounted Arbitrary Executable File Formats File System.
[[0;32m  OK  [0m] Started AppArmor initialization.
         Starting Initial cloud-init job (pre-networking)...
         Starting Load AppArmor profiles managed internally by snapd...
[[0;32m  OK  [0m] Started Load AppArmor profiles managed internally by snapd.
[   16.750118] cloud-init[579]: Cloud-init v. 22.3.4-0ubuntu1~18.04.1 running 'init-local' at Sat, 05 Nov 2022 00:22:46 +0000. Up 16.33 seconds.
[[0;32m  OK  [0m] Started Initial cloud-init job (pre-networking).
[[0;32m  OK  [0m] Reached target Network (Pre).
         Starting Network Service...
[[0;32m  OK  [0m] Started Network Service.
         Starting Network Name Resolution...
         Starting Wait for Network to be Configured...
[[0;32m  OK  [0m] Started Network Name Resolution.
[[0;32m  OK  [0m] Reached target Host and Network Name Lookups.
[[0;32m  OK  [0m] Reached target Network.
[[0;32m  OK  [0m] Started Wait for Network to be Configured.
         Starting Initial cloud-init job (metadata service crawler)...
[   18.600151] cloud-init[703]: Cloud-init v. 22.3.4-0ubuntu1~18.04.1 running 'init' at Sat, 05 Nov 2022 00:22:48 +0000. Up 18.41 seconds.
[   18.601779] cloud-init[703]: ci-info: ++++++++++++++++++++++++++++++++++++++Net device info+++++++++++++++++++++++++++++++++++++++
[   18.612182] cloud-init[703]: ci-info: +--------+-------+----------------------------+---------------+--------+-------------------+
[   18.613117] cloud-init[703]: ci-info: | Device |   Up  |          Address           |      Mask     | Scope  |     Hw-Address    |
[   18.613995] cloud-init[703]: ci-info: +--------+-------+----------------------------+---------------+--------+-------------------+
[   18.614683] cloud-init[703]: ci-info: | enp0s3 |  True |         10.0.2.15          | 255.255.255.0 | global | 02:d4:40:b8:a4:a0 |
[   18.615918] cloud-init[703]: ci-info: | enp0s3 |  True | fe80::d4:40ff:feb8:a4a0/64 |       .       |  link  | 02:d4:40:b8:a4:a0 |
[   18.617044] cloud-init[703]: ci-info: | enp0s8 | False |             .              |       .       |   .    | 08:00:27:87:01:94 |
[   18.618497] cloud-init[703]: ci-info: | enp0s9 | False |             .              |       .       |   .    | 08:00:27:f6:5d:93 |
[   18.619814] cloud-init[703]: ci-info: |   lo   |  True |         127.0.0.1          |   255.0.0.0   |  host  |         .         |
[   18.636192] cloud-init[703]: ci-info: |   lo   |  True |          ::1/128           |       .       |  host  |         .         |
[   18.648260] cloud-init[703]: ci-info: +--------+-------+----------------------------+---------------+--------+-------------------+
[   18.660196] cloud-init[703]: ci-info: ++++++++++++++++++++++++++++Route IPv4 info+++++++++++++++++++++++++++++
[   18.660904] cloud-init[703]: ci-info: +-------+-------------+----------+-----------------+-----------+-------+
[   18.672166] cloud-init[703]: ci-info: | Route | Destination | Gateway  |     Genmask     | Interface | Flags |
[   18.688152] cloud-init[703]: ci-info: +-------+-------------+----------+-----------------+-----------+-------+
[   18.688951] cloud-init[703]: ci-info: |   0   |   0.0.0.0   | 10.0.2.2 |     0.0.0.0     |   enp0s3  |   UG  |
[   18.700272] cloud-init[703]: ci-info: |   1   |   10.0.2.0  | 0.0.0.0  |  255.255.255.0  |   enp0s3  |   U   |
[   18.701196] cloud-init[703]: ci-info: |   2   |   10.0.2.2  | 0.0.0.0  | 255.255.255.255 |   enp0s3  |   UH  |
[   18.712252] cloud-init[703]: ci-info: +-------+-------------+----------+-----------------+-----------+-------+
[   18.724267] cloud-init[703]: ci-info: +++++++++++++++++++Route IPv6 info+++++++++++++++++++
[   18.736165] cloud-init[703]: ci-info: +-------+-------------+---------+-----------+-------+
[   18.754072] cloud-init[703]: ci-info: | Route | Destination | Gateway | Interface | Flags |
[   18.764228] cloud-init[703]: ci-info: +-------+-------------+---------+-----------+-------+
[   18.776170] cloud-init[703]: ci-info: |   1   |  fe80::/64  |    ::   |   enp0s3  |   U   |
[   18.776868] cloud-init[703]: ci-info: |   3   |    local    |    ::   |   enp0s3  |   U   |
[   18.788223] cloud-init[703]: ci-info: |   4   |   ff00::/8  |    ::   |   enp0s3  |   U   |
[   18.800228] cloud-init[703]: ci-info: +-------+-------------+---------+-----------+-------+
[   19.302659] cloud-init[703]: Generating public/private rsa key pair.
[   19.303278] cloud-init[703]: Your identification has been saved in /etc/ssh/ssh_host_rsa_key.
[   19.304064] cloud-init[703]: Your public key has been saved in /etc/ssh/ssh_host_rsa_key.pub.
[   19.304663] cloud-init[703]: The key fingerprint is:
[   19.316250] cloud-init[703]: SHA256:z8voSDI5E8+hcSGQiuTzxaulPOD39V5ct+3c2uUPWdQ root@ubuntu-bionic
[   19.328238] cloud-init[703]: The key's randomart image is:
[   19.328751] cloud-init[703]: +---[RSA 2048]----+
[   19.340267] cloud-init[703]: |  ..             |
[   19.340725] cloud-init[703]: | ...            .|
[   19.352174] cloud-init[703]: |+.  o .         E|
[[0;32m  OK  [0m] Started Initial cloud-init job (metadata service crawler).
[[0;32m  OK  [0m] Reached target Cloud-config availability.
[[0;32m  OK  [0m] Reached target System Initialization.
[[0;32m  OK  [0m] Listening on D-Bus System Message Bus Socket.
[[0;32m  OK  [0m] Listening on UUID daemon activation socket.
[[0;32m  OK  [0m] Started Ubuntu Advantage Timer for running repeated jobs.
[[0;32m  OK  [0m] Started Message of the Day.
[[0;32m  OK  [0m] Started Discard unused blocks once a week.
[[0;32m  OK  [0m] Listening on ACPID Listen Socket.
         Starting Socket activation for snappy daemon.
[[0;32m  OK  [0m] Listening on Open-iSCSI iscsid Socket.
[[0;32m  OK  [0m] Started Daily Cleanup of Temporary Directories.
[   19.370800] cloud-init[703]: |oo   + .       . |
         Starting LXD - unix socket.
[   19.734491] [[0;32m  OK  [0m] Started Daily apt download activities.
cloud-init[703]: |  o + + S    . ..|
[[0;32m  OK  [0m] Started Daily apt upgrade and clean activities.
[   19.735439] [cloud-init[0;32m  OK  [0m[703]: ] | . . @ . o. . .oo|Reached target Timers.

[   19.745412] cloud-init[703]: |. o @ +.  oo  o.o|
[   19.745734] cloud-init[703]: | . * *...o..   *o|
[[0;32m  OK  [0m] Started ACPI Events Check.
[[0;32m  OK  [0m] Reached target Paths.
[   19.756821] cloud-init[703]: |  . o...+oo   ..O|
[[0;32m  OK  [0m] Listening on cloud-init hotplug hook socket.
[[0;32m  OK  [0m] Reached target Network is Online.
[   19.758097] cloud-init[703]: +----[SHA256]-----+
         Starting Availability of block devices...
[   19.773172] [cloud-init[0;32m  OK  [0m[703]: ] Generating public/private dsa key pair.Reached target Remote File Systems (Pre).

[   19.774082] [cloud-init[0;32m  OK  [0m[703]: ] Reached target Remote File Systems.Your identification has been saved in /etc/ssh/ssh_host_dsa_key.

[[0;32m  OK  [0m] Listening on Socket activation for snappy daemon.
[   19.788887] [[0;32m  OK  [0m] Listening on LXD - unix socket.
cloud-init[703]: Your public key has been saved in /etc/ssh/ssh_host_dsa_key.pub.
[[0;32m  OK  [0m] Started Availability of block devices.
[   19.801391] cloud-init[703]: [The key fingerprint is:[0;32m  OK  [0m
] Reached target Sockets.
[[0;32m  OK  [0m] Reached target Basic System.
[   19.817962] cloud-init[703]: SHA256:vF6U00bqvJyNJJrYH+yjQ9ApE2foIMNJsaFyI8imjX0 root@ubuntu-bionic
[[0;32m  OK  [0m] Started Regular background program processing daemon.
[   19.842360] cloud-init[703]: The key's randomart image is:
[   19.853191] [[0;32m  OK  [0m] Started D-Bus System Message Bus.
cloud-init[703]: +---[DSA 1024]----+
[   19.854766] cloud-init[703]: |o+o  .           |
[   19.868227] cloud-init[703]: |*o+ o o          |
[   19.869005] cloud-init[703]: |=*oo = .    .    |
[   19.884127]          Starting Dispatcher daemon for systemd-networkd...
[[0;32m  OK  [0m] Reached target Login Prompts (Pre).
cloud-init[703]: |+* .= o.   =     |
         Starting Pollinate to seed the pseudo random number generator...
         Starting System Logging Service...
         Starting LXD - container startup/shutdown...
[[0;32m  OK  [0m] Started FUSE filesystem for LXC.
[   19.892705]          Starting LSB: automatic crash report generation...
cloud-init[703]: |o o E+  S = o    |
         Starting Login Service...
[   19.897667] cloud-init[703]: |   .  .. = o     |
         Starting Permit User Sessions...
[   19.905932] cloud-init[703]: |     .  = =      |
[   19.907110] cloud-init[703]: |     o.=.* =     |
[   19.907669] cloud-init[703]: |    . =++.= .    |
[[0;32m  OK  [0m] Started Deferred execution scheduler.
[   19.908362] cloud-init[703]: +----[SHA256]-----+
[   19.911224] cloud-init[703]: Generating public/private ecdsa key pair.
[   19.912190] cloud-init[703]: Your identification has been saved in /etc/ssh/ssh_host_ecdsa_key.
[   19.912872] cloud-init[703]: Your public key has been saved in /etc/ssh/ssh_host_ecdsa_key.pub.
[   19.914393] cloud-init[703]: The key fingerprint is:
[   19.915032] cloud-init[703]: SHA256:pi/zypLAv7kAF5QDmDGwPtJUJewadtojtvJ3VQDN79E root@ubuntu-bionic
[   19.924248] cloud-init[703]: The key's randomart image is:
[   19.925081] cloud-init[703]: +---[ECDSA 256]---+
[   19.925717] cloud-init[703]: |B+.oo.o+         |
[   19.926441] cloud-init[703]: |o+o...  +        |
[   19.927070] cloud-init[703]: |. oo     o .     |
[   19.927832] cloud-init[703]: |.oo.o     + E    |
[   19.928716] cloud-init[703]: |o=o*    So .     |
[   19.940344] cloud-init[703]: |.oO o  o. .      |
[   19.941135] cloud-init[703]: | ..= o..         |
[   19.952189] cloud-init[703]: |. ..=o+.         |
[   19.964316] cloud-init[703]: | o..+=o=o        |
[   19.964832] cloud-init[703]: +----[SHA256]-----+
[   19.965401] cloud-init[703]: Generating public/private ed25519 key pair.
[   19.965921] cloud-init[703]: Your identification has been saved in /etc/ssh/ssh_host_ed25519_key.
[   19.976224] cloud-init[703]: Your public key has been saved in /etc/ssh/ssh_host_ed25519_key.pub.
[   19.988364] cloud-init[703]: The key fingerprint is:
[   19.989071] cloud-init[703]: SHA256:vmTiBbLp/VMcR1pqBpTIBPz2YeMJ+EzuJJVkBr8Jc+A root@ubuntu-bionic
[   20.000171] cloud-init[703]: The key's randomart image is:
[   20.012942] cloud-init[703]: +--[ED25519 256]--+
[   20.024364] cloud-init[703]: |   .+=.o..       |
[   20.025067] cloud-init[703]: |   ..o* o   o    |
[   20.025557] cloud-init[703]: |    E*o. . =     |
[   20.036275] cloud-init[703]: |    .+Bo+ * .    |
[   20.049881] cloud-init[703]: |    .B+=SB o     |
[   20.060278] cloud-init[703]: |    .+=o+ o      |
[[0;32m  OK  [0m] Started irqbalance daemon.
[   20.074392] cloud-init[703]: |    o+. =.       |
[   20.084721] cloud-init[703]: |   . o.=..       |
         Starting Virtualbox guest utils...
[   20.085898] cloud-init[703]: |    . o.o.       |
[   20.096635] cloud-init[703]: +----[SHA256]-----+
         Starting Accounts Service...
         Starting LSB: Record successful boot for GRUB...
         Starting Snap Daemon...
[[0;32m  OK  [0m] Started System Logging Service.
[[0;32m  OK  [0m] Started LXD - container startup/shutdown.
[[0;32m  OK  [0m] Started Permit User Sessions.
[[0;32m  OK  [0m] Started Login Service.
[[0;32m  OK  [0m] Started Unattended Upgrades Shutdown.
         Starting Terminate Plymouth Boot Screen...
         Starting Hold until boot process finishes up...
[[0;32m  OK  [0m] Started Hold until boot process finishes up.
[[0;32m  OK  [0m] Started Terminate Plymouth Boot Screen.
[[0;32m  OK  [0m] Started Serial Getty on ttyS0.
         Starting Set console scheme...
[[0;32m  OK  [0m] Started Set console scheme.
[[0;32m  OK  [0m] Created slice system-getty.slice.
[[0;32m  OK  [0m] Started Getty on tty1.
[[0;32m  OK  [0m] Reached target Login Prompts.
         Starting Authorization Manager...
[[0;32m  OK  [0m] Started Dispatcher daemon for systemd-networkd.
[[0;32m  OK  [0m] Started LSB: automatic crash report generation.
[[0;32m  OK  [0m] Started Authorization Manager.
[[0;32m  OK  [0m] Started Accounts Service.
[[0;32m  OK  [0m] Started Virtualbox guest utils.
[[0;32m  OK  [0m] Started LSB: Record successful boot for GRUB.
[[0;32m  OK  [0m] Started Snap Daemon.
         Starting Wait until snapd is fully seeded...
         Starting Time & Date Service...
[[0;32m  OK  [0m] Started Time & Date Service.
[[0;32m  OK  [0m] Started Pollinate to seed the pseudo random number generator.
         Starting OpenBSD Secure Shell server...
[[0;32m  OK  [0m] Started OpenBSD Secure Shell server.
[[0;32m  OK  [0m] Created slice User Slice of vagrant.
         Starting User Manager for UID 1000...
[[0;32m  OK  [0m] Started Session 1 of user vagrant.
[[0;32m  OK  [0m] Started User Manager for UID 1000.

Ubuntu 18.04.6 LTS ubuntu-bionic ttyS0

ubuntu-bionic login:          Starting Time & Date Service...
[[0;32m  OK  [0m] Started Time & Date Service.
[[0;32m  OK  [0m] Started Wait until snapd is fully seeded.
         Starting Apply the settings specified in cloud-config...
[   61.991795] cloud-init[2565]: Cloud-init v. 22.3.4-0ubuntu1~18.04.1 running 'modules:config' at Sat, 05 Nov 2022 00:23:31 +0000. Up 61.59 seconds.
[[0;32m  OK  [0m] Started Apply the settings specified in cloud-config.
[[0;32m  OK  [0m] Reached target Multi-User System.
[[0;32m  OK  [0m] Reached target Graphical Interface.
         Starting Execute cloud user/final scripts...
         Starting Update UTMP about System Runlevel Changes...
[[0;32m  OK  [0m] Started Update UTMP about System Runlevel Changes.
ci-info: no authorized SSH keys fingerprints found for user ubuntu.
<14>Nov  5 00:23:32 cloud-init: #############################################################
<14>Nov  5 00:23:32 cloud-init: -----BEGIN SSH HOST KEY FINGERPRINTS-----
<14>Nov  5 00:23:32 cloud-init: 1024 SHA256:vF6U00bqvJyNJJrYH+yjQ9ApE2foIMNJsaFyI8imjX0 root@ubuntu-bionic (DSA)
<14>Nov  5 00:23:32 cloud-init: 256 SHA256:pi/zypLAv7kAF5QDmDGwPtJUJewadtojtvJ3VQDN79E root@ubuntu-bionic (ECDSA)
<14>Nov  5 00:23:32 cloud-init: 256 SHA256:vmTiBbLp/VMcR1pqBpTIBPz2YeMJ+EzuJJVkBr8Jc+A root@ubuntu-bionic (ED25519)
<14>Nov  5 00:23:32 cloud-init: 2048 SHA256:z8voSDI5E8+hcSGQiuTzxaulPOD39V5ct+3c2uUPWdQ root@ubuntu-bionic (RSA)
<14>Nov  5 00:23:32 cloud-init: -----END SSH HOST KEY FINGERPRINTS-----
<14>Nov  5 00:23:32 cloud-init: #############################################################
-----BEGIN SSH HOST KEY KEYS-----
ecdsa-sha2-nistp256 AAAAE2VjZHNhLXNoYTItbmlzdHAyNTYAAAAIbmlzdHAyNTYAAABBBApaIm71QBUYlJnRGzeuQ341zvX647yRDpppxi+kZFwtdfaT4hb0k3zCCOMSHejvE4PPnG5ROss/D3djNrJkLNU= root@ubuntu-bionic
ssh-ed25519 AAAAC3NzaC1lZDI1NTE5AAAAINztQD4kE2vU1+jFDyNTI13RznZFXfX+Lgm2AlE3dRwl root@ubuntu-bionic
ssh-rsa AAAAB3NzaC1yc2EAAAADAQABAAABAQDjaT1yMriIiocmtRPcwjlWPnnDDvoxc5JUD36+uV98QvLpNpB3bkpqkmDQAfqKmb7RKbIetEimoC61yVGre69rnbJW7omsTRr8v01nRgZRSGA8o1MyWcn0JkyDV2NSFp0m6O06+16XTWnWn1upZP3L/DHqdjKVvx9OO/3jeEUMgXmoQ0ho9fBXmXVtOeIYDA3dbE/jpyN3Ox/wRHAH8rGxN8sIfk634ATy8y2XW8qpw4fOkO43F1Dzeyte08QAqQPKN2rEykPmXY0Vc4GPtb/hDJgPbF7zjlNFNrgJoU2LaPAc6wjTrYGfcwJOGP0UO90o7MWOqk9Y8BrNiBKWVQJj root@ubuntu-bionic
-----END SSH HOST KEY KEYS-----
[   62.769085] cloud-init[2615]: Cloud-init v. 22.3.4-0ubuntu1~18.04.1 running 'modules:final' at Sat, 05 Nov 2022 00:23:32 +0000. Up 62.55 seconds.
[   62.769172] cloud-init[2615]: Cloud-init v. 22.3.4-0ubuntu1~18.04.1 finished at Sat, 05 Nov 2022 00:23:32 +0000. Datasource DataSourceNoCloud [seed=/dev/sdb][dsmode=net].  Up 62.76 seconds
[[0;32m  OK  [0m] Started Execute cloud user/final scripts.
[[0;32m  OK  [0m] Reached target Cloud-init target.
[[0;32m  OK  [0m] Stopped Unattended Upgrades Shutdown.
[[0;32m  OK  [0m] Stopped target Timers.
[[0;32m  OK  [0m] Stopped target Graphical Interface.
         Stopping Session 5 of user vagrant.
[[0;32m  OK  [0m] Stopped Daily apt upgrade and clean activities.
[[0;32m  OK  [0m] Stopped target Host and Network Name Lookups.
[[0;32m  OK  [0m] Stopped Daily apt download activities.
[[0;32m  OK  [0m] Stopped Ubuntu Advantage Timer for running repeated jobs.
         Stopping Authorization Manager...
[[0;32m  OK  [0m] Stopped target Cloud-init target.
[[0;32m  OK  [0m] Stopped Execute cloud user/final scripts.
[[0;32m  OK  [0m] Stopped target Multi-User System.
[[0;32m  OK  [0m] Stopped target Login Prompts.
         Stopping Serial Getty on ttyS0...
         Stopping Getty on tty1...
         Stopping Deferred execution scheduler...
         Stopping LSB: automatic crash report generation...
[[0;32m  OK  [0m] Stopped Apply the settings specified in cloud-config.
[[0;32m  OK  [0m] Stopped target Cloud-config availability.
[[0;32m  OK  [0m] Stopped Wait until snapd is fully seeded.
         Stopping D-Bus System Message Bus...
         Stopping User Manager for UID 1000...
[[0;32m  OK  [0m] Stopped Daily Cleanup of Temporary Directories.
         Stopping Regular background program processing daemon...
         Stopping FUSE filesystem for LXC...
         Stopping OpenBSD Secure Shell server...
[[0;32m  OK  [0m] Stopped Discard unused blocks once a week.
         Stopping LXD - container startup/shutdown...
         Stopping Availability of block devices...
         Stopping System Logging Service...
[[0;32m  OK  [0m] Stopped Message of the Day.
[[0;32m  OK  [0m] Stopped target System Time Synchronized.
         Stopping Dispatcher daemon for systemd-networkd...
         Stopping vboxadd-service.service...
         Stopping Accounts Service...
[[0;32m  OK  [0m] Closed Load/Save RF Kill Switch Status /dev/rfkill Watch.
         Stopping irqbalance daemon...
         Stopping LSB: Record successful boot for GRUB...
[[0;32m  OK  [0m] Unmounted /var/lib/lxcfs.
[[0;32m  OK  [0m] Stopped Regular background program processing daemon.
[[0;32m  OK  [0m] Stopped Dispatcher daemon for systemd-networkd.
[[0;32m  OK  [0m] Stopped System Logging Service.
[[0;32m  OK  [0m] Stopped Deferred execution scheduler.
[[0;32m  OK  [0m] Stopped irqbalance daemon.
[[0;32m  OK  [0m] Stopped Accounts Service.
[[0;32m  OK  [0m] Stopped Serial Getty on ttyS0.
[[0;32m  OK  [0m] Stopped Getty on tty1.
[[0;32m  OK  [0m] Stopped Authorization Manager.
[[0;32m  OK  [0m] Stopped OpenBSD Secure Shell server.
[[0;32m  OK  [0m] Stopped User Manager for UID 1000.
[[0;32m  OK  [0m] Stopped D-Bus System Message Bus.
[[0;32m  OK  [0m] Stopped Availability of block devices.
[[0;32m  OK  [0m] Stopped vboxadd-service.service.
[[0;32m  OK  [0m] Stopped FUSE filesystem for LXC.
[[0;32m  OK  [0m] Stopped Session 5 of user vagrant.
         Stopping vboxadd.service...
[[0;32m  OK  [0m] Removed slice User Slice of vagrant.
         Stopping Login Service...
[[0;32m  OK  [0m] Removed slice system-getty.slice.
         Stopping Permit User Sessions...
[[0;32m  OK  [0m] Stopped target Login Prompts (Pre).
[[0;32m  OK  [0m] Removed slice system-serial\x2dgetty.slice.
[[0;32m  OK  [0m] Stopped LSB: automatic crash report generation.
[[0;32m  OK  [0m] Stopped LXD - container startup/shutdown.
[[0;32m  OK  [0m] Stopped LSB: Record successful boot for GRUB.
[[0;32m  OK  [0m] Stopped Permit User Sessions.
[[0;32m  OK  [0m] Stopped target Remote File Systems.
[[0;32m  OK  [0m] Stopped Login Service.
[[0;32m  OK  [0m] Stopped target User and Group Name Lookups.
[[0;31m*[0;1;31m*[0m[0;31m*   [0m] A stop job is running for vboxadd.service (5s / 5min)[K[ [0;31m*[0;1;31m*[0m[0;31m*  [0m] A stop job is running for vboxadd.service (5s / 5min)[K[  [0;31m*[0;1;31m*[0m[0;31m* [0m] A stop job is running for vboxadd.service (6s / 5min)[K[   [0;31m*[0;1;31m*[0m[0;31m*[0m] A stop job is running for vboxadd.service (6s / 5min)[K[    [0;31m*[0;1;31m*[0m] A stop job is running for vboxadd.service (7s / 5min)[K[     [0;31m*[0m] A stop job is running for vboxadd.service (7s / 5min)[K[    [0;31m*[0;1;31m*[0m] A stop job is running for vboxadd.service (8s / 5min)[K[   [0;31m*[0;1;31m*[0m[0;31m*[0m] A stop job is running for vboxadd.service (8s / 5min)[K[  [0;31m*[0;1;31m*[0m[0;31m* [0m] A stop job is running for vboxadd.service (9s / 5min)[K[ [0;31m*[0;1;31m*[0m[0;31m*  [0m] A stop job is running for vboxadd.service (9s / 5min)[K[[0;31m*[0;1;31m*[0m[0;31m*   [0m] A stop job is running for vboxadd.service (10s / 5min)[K[[0;1;31m*[0m[0;31m*    [0m] A stop job is running for vboxadd.service (10s / 5min)[K[[0m[0;31m*     [0m] A stop job is running for vboxadd.service (11s / 5min)[K[[0;1;31m*[0m[0;31m*    [0m] A stop job is running for vboxadd.service (11s / 5min)[K[[0;31m*[0;1;31m*[0m[0;31m*   [0m] A stop job is running for vboxadd.service (12s / 5min)[K[ [0;31m*[0;1;31m*[0m[0;31m*  [0m] A stop job is running for vboxadd.service (12s / 5min)[K[[0;32m  OK  [0m] Unmounted /vagrant.
[[0;32m  OK  [0m] Stopped target Remote File Systems (Pre).
[[0;32m  OK  [0m] Stopped target Network is Online.
[[0;32m  OK  [0m] Stopped target Network.
         Stopping Network Name Resolution...
[[0;32m  OK  [0m] Stopped vboxadd.service.
[[0;32m  OK  [0m] Stopped target Basic System.
[[0;32m  OK  [0m] Stopped target Sockets.
[[0;32m  OK  [0m] Closed Open-iSCSI iscsid Socket.
[[0;32m  OK  [0m] Closed UUID daemon activation socket.
[[0;32m  OK  [0m] Closed D-Bus System Message Bus Socket.
[[0;32m  OK  [0m] Closed ACPID Listen Socket.
[[0;32m  OK  [0m] Closed cloud-init hotplug hook socket.
[[0;32m  OK  [0m] Closed Socket activation for snappy daemon.
[[0;32m  OK  [0m] Closed LXD - unix socket.
[[0;32m  OK  [0m] Closed Syslog Socket.
[[0;32m  OK  [0m] Stopped target Paths.
[[0;32m  OK  [0m] Stopped ACPI Events Check.
[[0;32m  OK  [0m] Stopped target Slices.
[[0;32m  OK  [0m] Removed slice User and Session Slice.
[[0;32m  OK  [0m] Stopped target System Initialization.
         Stopping Update UTMP about System Boot/Shutdown...
[[0;32m  OK  [0m] Stopped Initial cloud-init job (metadata service crawler).
[[0;32m  OK  [0m] Stopped target Local Encrypted Volumes.
[[0;32m  OK  [0m] Stopped Dispatch Password Requests to Console Directory Watch.
[[0;32m  OK  [0m] Stopped Forward Password Requests to Wall Directory Watch.
[[0;32m  OK  [0m] Stopped Commit a transient machine-id on disk.
[[0;32m  OK  [0m] Stopped target Local File Systems.
         Unmounting /run/user/1000...
         Stopping Load/Save Random Seed...
[[0;32m  OK  [0m] Stopped Network Name Resolution.
[[0;32m  OK  [0m] Unmounted /run/user/1000.
[[0;32m  OK  [0m] Stopped Load/Save Random Seed.
[[0;32m  OK  [0m] Reached target Unmount All Filesystems.
[[0;32m  OK  [0m] Stopped target Local File Systems (Pre).
[[0;32m  OK  [0m] Stopped Create Static Device Nodes in /dev.
         Stopping Monitoring of LVM2 mirrors…ng dmeventd or progress polling...
[[0;32m  OK  [0m] Stopped target Swap.
         Stopping Network Service...
[[0;32m  OK  [0m] Stopped Update UTMP about System Boot/Shutdown.
[[0;32m  OK  [0m] Stopped Monitoring of LVM2 mirrors,…sing dmeventd or progress polling.
         Stopping LVM2 metadata daemon...
[[0;32m  OK  [0m] Stopped LVM2 metadata daemon.
[[0;32m  OK  [0m] Stopped Network Service.
[[0;32m  OK  [0m] Stopped target Network (Pre).
[[0;32m  OK  [0m] Stopped Initial cloud-init job (pre-networking).
[[0;32m  OK  [0m] Stopped Remount Root and Kernel File Systems.
[[0;32m  OK  [0m] Stopped Apply Kernel Variables.
[[0;32m  OK  [0m] Stopped Load Kernel Modules.
[[0;32m  OK  [0m] Reached target Shutdown.
[[0;32m  OK  [0m] Reached target Final Step.
         Starting Power-Off...
[  435.273943] reboot: Power down
